#
# There is insufficient memory for the Java Runtime Environment to continue.
# Native memory allocation (mmap) failed to map 65536 bytes for Failed to commit area from 0x0000015e0f8c0000 to 0x0000015e0f8d0000 of length 65536.
# Possible reasons:
#   The system is out of physical RAM or swap space
#   The process is running with CompressedOops enabled, and the Java Heap may be blocking the growth of the native heap
# Possible solutions:
#   Reduce memory load on the system
#   Increase physical memory or swap space
#   Check if swap backing store is full
#   Decrease Java heap size (-Xmx/-Xms)
#   Decrease number of Java threads
#   Decrease Java thread stack sizes (-Xss)
#   Set larger code cache with -XX:ReservedCodeCacheSize=
# This output file may be truncated or incomplete.
#
#  Out of Memory Error (t:/workspace/open/src/hotspot/os/windows/os_windows.cpp:3269), pid=23296, tid=16732
#
# JRE version:  (11.0.1+13) (build )
# Java VM: Java HotSpot(TM) 64-Bit Server VM (11.0.1+13-LTS, mixed mode, aot, sharing, tiered, compressed oops, g1 gc, windows-amd64)
# No core dump will be written. Minidumps are not enabled by default on client versions of Windows
#

---------------  S U M M A R Y ------------

Command Line: -javaagent:C:\Program Files\JetBrains\IntelliJ IDEA Community Edition 2021.1\lib\idea_rt.jar=60531:C:\Program Files\JetBrains\IntelliJ IDEA Community Edition 2021.1\bin -Dfile.encoding=UTF-8 tabu.TCYB.Run

Host: Intel(R) Core(TM) i7-10700F CPU @ 2.90GHz, 16 cores, 15G,  Windows 10 , 64 bit Build 19041 (10.0.19041.928)
Time: Sat Apr 24 22:55:35 2021 中国标准时间 elapsed time: 0 seconds (0d 0h 0m 0s)

---------------  T H R E A D  ---------------

Current thread (0x0000015e75b1a800):  JavaThread "Unknown thread" [_thread_in_vm, id=16732, stack(0x0000001366b00000,0x0000001366c00000)]

Stack: [0x0000001366b00000,0x0000001366c00000]
Native frames: (J=compiled Java code, j=interpreted, Vv=VM code, C=native code)
V  [jvm.dll+0x63c21a]
V  [jvm.dll+0x7797df]
V  [jvm.dll+0x77adca]
V  [jvm.dll+0x77b483]
V  [jvm.dll+0x2627f8]
V  [jvm.dll+0x6396ca]
V  [jvm.dll+0x62dfa5]
V  [jvm.dll+0x31699c]
V  [jvm.dll+0x316822]
V  [jvm.dll+0x31c1ae]
V  [jvm.dll+0x368442]
V  [jvm.dll+0x367e50]
V  [jvm.dll+0x2f38b8]
V  [jvm.dll+0x2f4a16]
V  [jvm.dll+0x752da7]
V  [jvm.dll+0x7544ef]
V  [jvm.dll+0x375269]
V  [jvm.dll+0x7394a9]
V  [jvm.dll+0x3e467d]
V  [jvm.dll+0x3e6951]
C  [java.exe+0x3603]
C  [java.exe+0x178dc]
C  [KERNEL32.DLL+0x17034]
C  [ntdll.dll+0x52651]


---------------  P R O C E S S  ---------------

Threads class SMR info:
_java_thread_list=0x0000015e74199070, length=0, elements={
}

Java Threads: ( => current thread )

Other Threads:
  0x0000015e75b33000 GCTaskThread "GC Thread#0" [stack: 0x0000001366c00000,0x0000001366d00000] [id=18020]
  0x0000015e75b8a000 ConcurrentGCThread "G1 Main Marker" [stack: 0x0000001366d00000,0x0000001366e00000] [id=27528]
  0x0000015e75b8c000 ConcurrentGCThread "G1 Conc#0" [stack: 0x0000001366e00000,0x0000001366f00000] [id=26776]

[error occurred during error reporting (printing all threads), id 0xc0000005, EXCEPTION_ACCESS_VIOLATION (0xc0000005) at pc=0x00007ff996462137]

VM state:not at safepoint (not fully initialized)

VM Mutex/Monitor currently owned by a thread:  ([mutex/lock_event])
[0x0000015e75b19e10] Heap_lock - owner thread: 0x0000015e75b1a800

Heap address: 0x0000000701000000, size: 4080 MB, Compressed Oops mode: Non-zero based: 0x0000000701000000
Narrow klass base: 0x0000000000000000, Narrow klass shift: 0

GC Heap History (0 events):
No events

Deoptimization events (0 events):
No events

Classes redefined (0 events):
No events

Internal exceptions (0 events):
No events

Events (0 events):
No events


Dynamic libraries:
0x00007ff60a650000 - 0x00007ff60a697000 	C:\Program Files\Java\jdk-11.0.1\bin\java.exe
0x00007ff9e9c50000 - 0x00007ff9e9e45000 	C:\Windows\SYSTEM32\ntdll.dll
0x00007ff9e84e0000 - 0x00007ff9e859d000 	C:\Windows\System32\KERNEL32.DLL
0x00007ff9e77c0000 - 0x00007ff9e7a88000 	C:\Windows\System32\KERNELBASE.dll
0x00007ff9e99c0000 - 0x00007ff9e9a6c000 	C:\Windows\System32\ADVAPI32.DLL
0x00007ff9e9170000 - 0x00007ff9e920e000 	C:\Windows\System32\msvcrt.dll
0x00007ff9e9920000 - 0x00007ff9e99bb000 	C:\Windows\System32\sechost.dll
0x00007ff9e9260000 - 0x00007ff9e938b000 	C:\Windows\System32\RPCRT4.dll
0x00007ff9e9a70000 - 0x00007ff9e9c10000 	C:\Windows\System32\USER32.dll
0x00007ff9e7650000 - 0x00007ff9e7672000 	C:\Windows\System32\win32u.dll
0x00007ff9e9210000 - 0x00007ff9e923a000 	C:\Windows\System32\GDI32.dll
0x00007ff9e7680000 - 0x00007ff9e778b000 	C:\Windows\System32\gdi32full.dll
0x00007ff9e7a90000 - 0x00007ff9e7b2d000 	C:\Windows\System32\msvcp_win.dll
0x00007ff9e73f0000 - 0x00007ff9e74f0000 	C:\Windows\System32\ucrtbase.dll
0x00007ff9de480000 - 0x00007ff9de71a000 	C:\Windows\WinSxS\amd64_microsoft.windows.common-controls_6595b64144ccf1df_6.0.19041.844_none_ca00b6081b84eb1d\COMCTL32.dll
0x00007ff9e1b10000 - 0x00007ff9e1b1a000 	C:\Windows\SYSTEM32\VERSION.dll
0x00007ff9e89f0000 - 0x00007ff9e8a20000 	C:\Windows\System32\IMM32.DLL
0x00007ff9e4220000 - 0x00007ff9e4236000 	C:\Program Files\Java\jdk-11.0.1\bin\vcruntime140.dll
0x00007ff9a9ba0000 - 0x00007ff9a9c4a000 	C:\Program Files\Java\jdk-11.0.1\bin\msvcp140.dll
0x00007ff996160000 - 0x00007ff996ca2000 	C:\Program Files\Java\jdk-11.0.1\bin\server\jvm.dll
0x00007ff9e8460000 - 0x00007ff9e8468000 	C:\Windows\System32\PSAPI.DLL
0x00007ff9de8d0000 - 0x00007ff9de8f7000 	C:\Windows\SYSTEM32\WINMM.dll
0x00007ff9d4790000 - 0x00007ff9d4799000 	C:\Windows\SYSTEM32\WSOCK32.dll
0x00007ff9e81f0000 - 0x00007ff9e825b000 	C:\Windows\System32\WS2_32.dll
0x00007ff9e52f0000 - 0x00007ff9e5302000 	C:\Windows\SYSTEM32\kernel.appcore.dll
0x00007ff9d57e0000 - 0x00007ff9d57f1000 	C:\Program Files\Java\jdk-11.0.1\bin\verify.dll
0x00007ff9d4920000 - 0x00007ff9d4b04000 	C:\Windows\SYSTEM32\DBGHELP.DLL
0x00007ff9d46a0000 - 0x00007ff9d46cc000 	C:\Windows\SYSTEM32\dbgcore.DLL
0x00007ff9e7c30000 - 0x00007ff9e7cb0000 	C:\Windows\System32\bcryptPrimitives.dll
0x00007ff9d5160000 - 0x00007ff9d5189000 	C:\Program Files\Java\jdk-11.0.1\bin\java.dll
0x00007ff9d23e0000 - 0x00007ff9d240f000 	C:\Program Files\Java\jdk-11.0.1\bin\instrument.dll
0x00007ff9d5140000 - 0x00007ff9d5156000 	C:\Program Files\Java\jdk-11.0.1\bin\zip.dll
0x00007ff9e4260000 - 0x00007ff9e426a000 	C:\Program Files\Java\jdk-11.0.1\bin\jimage.dll

dbghelp: loaded successfully - version: 4.0.5 - missing functions: none
symbol engine: initialized successfully - sym options: 0x614 - pdb path: .;C:\Program Files\Java\jdk-11.0.1\bin;C:\Windows\SYSTEM32;C:\Windows\WinSxS\amd64_microsoft.windows.common-controls_6595b64144ccf1df_6.0.19041.844_none_ca00b6081b84eb1d;C:\Program Files\Java\jdk-11.0.1\bin\server

VM Arguments:
jvm_args: -javaagent:C:\Program Files\JetBrains\IntelliJ IDEA Community Edition 2021.1\lib\idea_rt.jar=60531:C:\Program Files\JetBrains\IntelliJ IDEA Community Edition 2021.1\bin -Dfile.encoding=UTF-8 
java_command: tabu.TCYB.Run
java_class_path (initial): C:\Users\Administrator\Desktop\A2-Evolutionary-Computation-and-Its-Applications\TCYB2\out\production\TCYB3;C:\Users\Administrator\Desktop\A2-Evolutionary-Computation-and-Its-Applications\TCYB2\OpenTS.jar
Launcher Type: SUN_STANDARD

[Global flags]
     intx CICompilerCount                          = 12                                        {product} {ergonomic}
     uint ConcGCThreads                            = 3                                         {product} {ergonomic}
     uint G1ConcRefinementThreads                  = 13                                        {product} {ergonomic}
   size_t G1HeapRegionSize                         = 1048576                                   {product} {ergonomic}
    uintx GCDrainStackTargetSize                   = 64                                        {product} {ergonomic}
   size_t InitialHeapSize                          = 268435456                                 {product} {ergonomic}
   size_t MarkStackSize                            = 4194304                                   {product} {ergonomic}
   size_t MaxHeapSize                              = 4278190080                                {product} {ergonomic}
   size_t MinHeapDeltaBytes                        = 1048576                                   {product} {ergonomic}
    uintx NonNMethodCodeHeapSize                   = 7591728                                {pd product} {ergonomic}
    uintx NonProfiledCodeHeapSize                  = 122033256                              {pd product} {ergonomic}
    uintx ProfiledCodeHeapSize                     = 122033256                              {pd product} {ergonomic}
    uintx ReservedCodeCacheSize                    = 251658240                              {pd product} {ergonomic}
     bool SegmentedCodeCache                       = true                                      {product} {ergonomic}
     bool UseCompressedClassPointers               = true                                 {lp64_product} {ergonomic}
     bool UseCompressedOops                        = true                                 {lp64_product} {ergonomic}
     bool UseG1GC                                  = true                                      {product} {ergonomic}
     bool UseLargePagesIndividualAllocation        = false                                  {pd product} {ergonomic}

Logging:
Log output configuration:
 #0: stdout all=warning uptime,level,tags
 #1: stderr all=off uptime,level,tags

Environment Variables:
PATH=C:\Windows\system32;C:\Windows;C:\Windows\System32\Wbem;C:\Windows\System32\WindowsPowerShell\v1.0\;C:\Windows\System32\OpenSSH\;F:\ProgramFiles\Anaconda3;C:\Users\Administrator\AppData\Local\Microsoft\WindowsApps;;F:\ProgramFiles\Microsoft VS Code\bin;C:\Program Files\JetBrains\IntelliJ IDEA Community Edition 2021.1\bin;
USERNAME=Administrator
OS=Windows_NT
PROCESSOR_IDENTIFIER=Intel64 Family 6 Model 165 Stepping 5, GenuineIntel



---------------  S Y S T E M  ---------------

OS: Windows 10 , 64 bit Build 19041 (10.0.19041.928)

CPU:total 16 (initial active 16) (8 cores per cpu, 2 threads per core) family 6 model 165 stepping 5, cmov, cx8, fxsr, mmx, sse, sse2, sse3, ssse3, sse4.1, sse4.2, popcnt, avx, avx2, aes, clmul, erms, 3dnowpref, lzcnt, ht, tsc, tscinvbit, bmi1, bmi2, adx, fma

Memory: 4k page, system-wide physical 16319M (2807M free)
TotalPageFile size 29120M (AvailPageFile size 0M)
current process WorkingSet (physical memory assigned to process): 10M, peak: 10M
current process commit charge ("private bytes"): 328M, peak: 328M

vm_info: Java HotSpot(TM) 64-Bit Server VM (11.0.1+13-LTS) for windows-amd64 JRE (11.0.1+13-LTS), built on Oct  6 2018 13:20:16 by "mach5one" with MS VC++ 15.5 (VS2017)

END.
